<?xml version="1.0" ?>
<coverage version="7.13.5" timestamp="1778602229183" lines-valid="613" lines-covered="517" line-rate="0.8434" branches-valid="170" branches-covered="112" branch-rate="0.6588" complexity="0">
	<!-- Generated by coverage.py: https://coverage.readthedocs.io/en/7.13.5 -->
	<!-- Based on https://raw.githubusercontent.com/cobertura/web/master/htdocs/xml/coverage-04.dtd -->
	<sources>
		<source>/Users/liantian/workspace/osprojects/claw-cog</source>
	</sources>
	<packages>
		<package name="src.claw_cog" line-rate="0" branch-rate="1" complexity="0">
			<classes>
				<class name="cli.py" filename="src/claw_cog/cli.py" complexity="0" line-rate="0" branch-rate="1">
					<methods/>
					<lines>
						<line number="4" hits="0"/>
						<line number="6" hits="0"/>
						<line number="7" hits="0"/>
						<line number="8" hits="0"/>
						<line number="9" hits="0"/>
						<line number="10" hits="0"/>
						<line number="11" hits="0"/>
						<line number="12" hits="0"/>
						<line number="13" hits="0"/>
						<line number="14" hits="0"/>
					</lines>
				</class>
			</classes>
		</package>
		<package name="src.claw_cog.assessment" line-rate="0.8667" branch-rate="0.7778" complexity="0">
			<classes>
				<class name="meta_d_prime.py" filename="src/claw_cog/assessment/meta_d_prime.py" complexity="0" line-rate="0.8667" branch-rate="0.7778">
					<methods/>
					<lines>
						<line number="8" hits="1"/>
						<line number="9" hits="1"/>
						<line number="10" hits="1"/>
						<line number="12" hits="1"/>
						<line number="15" hits="1"/>
						<line number="16" hits="1"/>
						<line number="17" hits="1"/>
						<line number="18" hits="0"/>
						<line number="19" hits="0"/>
						<line number="20" hits="0"/>
						<line number="23" hits="1"/>
						<line number="24" hits="1"/>
						<line number="34" hits="1"/>
						<line number="50" hits="1"/>
						<line number="52" hits="1"/>
						<line number="54" hits="1"/>
						<line number="69" hits="1" branch="true" condition-coverage="100% (2/2)"/>
						<line number="70" hits="1"/>
						<line number="80" hits="1"/>
						<line number="81" hits="1"/>
						<line number="83" hits="1" branch="true" condition-coverage="100% (2/2)"/>
						<line number="84" hits="1"/>
						<line number="86" hits="1" branch="true" condition-coverage="50% (1/2)" missing-branches="87"/>
						<line number="87" hits="0"/>
						<line number="90" hits="1"/>
						<line number="93" hits="1"/>
						<line number="94" hits="1"/>
						<line number="95" hits="1"/>
						<line number="96" hits="1"/>
						<line number="98" hits="1"/>
						<line number="106" hits="1"/>
						<line number="114" hits="1" branch="true" condition-coverage="50% (1/2)" missing-branches="116"/>
						<line number="116" hits="0"/>
						<line number="117" hits="0"/>
						<line number="119" hits="0" branch="true" condition-coverage="0% (0/2)" missing-branches="120,122"/>
						<line number="120" hits="0"/>
						<line number="122" hits="0"/>
						<line number="123" hits="0"/>
						<line number="125" hits="1"/>
						<line number="126" hits="1"/>
						<line number="128" hits="1" branch="true" condition-coverage="100% (2/2)"/>
						<line number="129" hits="1"/>
						<line number="132" hits="1"/>
						<line number="133" hits="1"/>
						<line number="134" hits="1"/>
						<line number="135" hits="1"/>
						<line number="137" hits="1"/>
						<line number="138" hits="1" branch="true" condition-coverage="50% (1/2)" missing-branches="139"/>
						<line number="139" hits="0"/>
						<line number="141" hits="1"/>
						<line number="143" hits="1"/>
						<line number="153" hits="1"/>
						<line number="157" hits="1"/>
						<line number="158" hits="1"/>
						<line number="160" hits="1"/>
						<line number="169" hits="1"/>
						<line number="170" hits="1"/>
						<line number="172" hits="1" branch="true" condition-coverage="100% (2/2)"/>
						<line number="173" hits="1"/>
						<line number="176" hits="1"/>
						<line number="177" hits="1"/>
						<line number="179" hits="1" branch="true" condition-coverage="100% (2/2)"/>
						<line number="180" hits="1" branch="true" condition-coverage="100% (2/2)"/>
						<line number="181" hits="1" branch="true" condition-coverage="100% (2/2)"/>
						<line number="182" hits="1"/>
						<line number="183" hits="1" branch="true" condition-coverage="100% (2/2)"/>
						<line number="184" hits="1"/>
						<line number="186" hits="1"/>
						<line number="187" hits="1" branch="true" condition-coverage="50% (1/2)" missing-branches="188"/>
						<line number="188" hits="0"/>
						<line number="191" hits="1"/>
						<line number="192" hits="1"/>
						<line number="194" hits="1"/>
						<line number="209" hits="1" branch="true" condition-coverage="100% (2/2)"/>
						<line number="210" hits="1"/>
						<line number="212" hits="1"/>
						<line number="213" hits="1"/>
						<line number="218" hits="1"/>
						<line number="221" hits="1"/>
						<line number="222" hits="1"/>
						<line number="223" hits="1"/>
						<line number="225" hits="1" branch="true" condition-coverage="100% (2/2)"/>
						<line number="226" hits="1"/>
						<line number="227" hits="1"/>
						<line number="228" hits="1" branch="true" condition-coverage="50% (1/2)" missing-branches="229"/>
						<line number="229" hits="0"/>
						<line number="231" hits="1"/>
						<line number="234" hits="1"/>
						<line number="236" hits="1"/>
						<line number="244" hits="1"/>
						<line number="248" hits="1"/>
						<line number="249" hits="1"/>
						<line number="250" hits="1" branch="true" condition-coverage="50% (1/2)" missing-branches="251"/>
						<line number="251" hits="0"/>
						<line number="253" hits="1"/>
						<line number="254" hits="1"/>
						<line number="255" hits="1" branch="true" condition-coverage="100% (2/2)"/>
						<line number="256" hits="1"/>
						<line number="257" hits="1"/>
						<line number="258" hits="1"/>
						<line number="259" hits="1"/>
						<line number="261" hits="1"/>
						<line number="262" hits="1"/>
						<line number="263" hits="1"/>
						<line number="264" hits="1"/>
					</lines>
				</class>
			</classes>
		</package>
		<package name="src.claw_cog.config" line-rate="0.92" branch-rate="1" complexity="0">
			<classes>
				<class name="defaults.py" filename="src/claw_cog/config/defaults.py" complexity="0" line-rate="0.92" branch-rate="1">
					<methods/>
					<lines>
						<line number="3" hits="1"/>
						<line number="4" hits="1"/>
						<line number="7" hits="1"/>
						<line number="8" hits="1"/>
						<line number="12" hits="1"/>
						<line number="13" hits="1"/>
						<line number="16" hits="1"/>
						<line number="17" hits="1"/>
						<line number="20" hits="1"/>
						<line number="21" hits="1"/>
						<line number="24" hits="1"/>
						<line number="25" hits="1"/>
						<line number="26" hits="1"/>
						<line number="27" hits="1"/>
						<line number="30" hits="1"/>
						<line number="31" hits="1"/>
						<line number="34" hits="1"/>
						<line number="35" hits="1"/>
						<line number="38" hits="1"/>
						<line number="39" hits="1"/>
						<line number="41" hits="1"/>
						<line number="42" hits="1"/>
						<line number="44" hits="0"/>
						<line number="46" hits="1"/>
						<line number="48" hits="0"/>
					</lines>
				</class>
			</classes>
		</package>
		<package name="src.claw_cog.core" line-rate="0.9444" branch-rate="0.6842" complexity="0">
			<classes>
				<class name="agent.py" filename="src/claw_cog/core/agent.py" complexity="0" line-rate="0.9437" branch-rate="0.5625">
					<methods/>
					<lines>
						<line number="8" hits="1"/>
						<line number="9" hits="1"/>
						<line number="10" hits="1"/>
						<line number="11" hits="1"/>
						<line number="13" hits="1"/>
						<line number="14" hits="1"/>
						<line number="15" hits="1"/>
						<line number="16" hits="1"/>
						<line number="17" hits="1"/>
						<line number="18" hits="1"/>
						<line number="20" hits="1"/>
						<line number="23" hits="1"/>
						<line number="26" hits="1"/>
						<line number="27" hits="1"/>
						<line number="28" hits="1"/>
						<line number="31" hits="1"/>
						<line number="32" hits="1"/>
						<line number="41" hits="1"/>
						<line number="62" hits="1"/>
						<line number="76" hits="1"/>
						<line number="79" hits="1"/>
						<line number="80" hits="1"/>
						<line number="81" hits="1"/>
						<line number="84" hits="1"/>
						<line number="85" hits="1"/>
						<line number="88" hits="1"/>
						<line number="90" hits="1"/>
						<line number="96" hits="1"/>
						<line number="114" hits="1"/>
						<line number="118" hits="1"/>
						<line number="120" hits="1" branch="true" condition-coverage="100% (2/2)"/>
						<line number="121" hits="1"/>
						<line number="122" hits="1"/>
						<line number="123" hits="1"/>
						<line number="126" hits="1"/>
						<line number="127" hits="1"/>
						<line number="130" hits="1"/>
						<line number="135" hits="1"/>
						<line number="138" hits="1"/>
						<line number="139" hits="1" branch="true" condition-coverage="50% (1/2)" missing-branches="153"/>
						<line number="140" hits="1"/>
						<line number="144" hits="1"/>
						<line number="149" hits="1" branch="true" condition-coverage="50% (1/2)" missing-branches="153"/>
						<line number="150" hits="1"/>
						<line number="153" hits="1"/>
						<line number="166" hits="1"/>
						<line number="167" hits="1" branch="true" condition-coverage="50% (1/2)" missing-branches="168"/>
						<line number="168" hits="0"/>
						<line number="171" hits="1" branch="true" condition-coverage="50% (1/2)" missing-branches="178"/>
						<line number="172" hits="1"/>
						<line number="178" hits="1"/>
						<line number="180" hits="1"/>
						<line number="186" hits="1" branch="true" condition-coverage="50% (1/2)" missing-branches="188"/>
						<line number="188" hits="0"/>
						<line number="194" hits="1"/>
						<line number="196" hits="1"/>
						<line number="198" hits="1" branch="true" condition-coverage="50% (1/2)" missing-branches="199"/>
						<line number="199" hits="0"/>
						<line number="200" hits="1" branch="true" condition-coverage="50% (1/2)" missing-branches="201"/>
						<line number="201" hits="0"/>
						<line number="203" hits="1"/>
						<line number="205" hits="1"/>
						<line number="212" hits="1"/>
						<line number="214" hits="1"/>
						<line number="221" hits="1"/>
						<line number="229" hits="1"/>
						<line number="231" hits="1"/>
						<line number="237" hits="1"/>
						<line number="239" hits="1"/>
						<line number="240" hits="1"/>
						<line number="241" hits="1"/>
					</lines>
				</class>
				<class name="layers.py" filename="src/claw_cog/core/layers.py" complexity="0" line-rate="1" branch-rate="0.5">
					<methods/>
					<lines>
						<line number="9" hits="1"/>
						<line number="10" hits="1"/>
						<line number="12" hits="1"/>
						<line number="13" hits="1"/>
						<line number="14" hits="1"/>
						<line number="15" hits="1"/>
						<line number="17" hits="1"/>
						<line number="20" hits="1"/>
						<line number="28" hits="1"/>
						<line number="36" hits="1"/>
						<line number="39" hits="1"/>
						<line number="40" hits="1"/>
						<line number="41" hits="1"/>
						<line number="43" hits="1"/>
						<line number="44" hits="1"/>
						<line number="48" hits="1"/>
						<line number="51" hits="1"/>
						<line number="53" hits="1"/>
						<line number="55" hits="1"/>
						<line number="61" hits="1"/>
						<line number="63" hits="1"/>
						<line number="64" hits="1"/>
						<line number="65" hits="1" branch="true" condition-coverage="50% (1/2)" missing-branches="exit"/>
						<line number="66" hits="1"/>
					</lines>
				</class>
				<class name="workspace.py" filename="src/claw_cog/core/workspace.py" complexity="0" line-rate="0.9294" branch-rate="0.8">
					<methods/>
					<lines>
						<line number="10" hits="1"/>
						<line number="11" hits="1"/>
						<line number="12" hits="1"/>
						<line number="13" hits="1"/>
						<line number="15" hits="1"/>
						<line number="18" hits="1"/>
						<line number="19" hits="1"/>
						<line number="24" hits="1"/>
						<line number="25" hits="1"/>
						<line number="28" hits="1"/>
						<line number="29" hits="1"/>
						<line number="35" hits="1"/>
						<line number="38" hits="1"/>
						<line number="53" hits="1"/>
						<line number="60" hits="1"/>
						<line number="61" hits="1"/>
						<line number="62" hits="1"/>
						<line number="63" hits="1"/>
						<line number="66" hits="1"/>
						<line number="67" hits="1"/>
						<line number="69" hits="1"/>
						<line number="76" hits="1" branch="true" condition-coverage="100% (2/2)"/>
						<line number="77" hits="1"/>
						<line number="80" hits="1"/>
						<line number="81" hits="1"/>
						<line number="82" hits="1"/>
						<line number="84" hits="1"/>
						<line number="86" hits="1" branch="true" condition-coverage="50% (1/2)" missing-branches="exit"/>
						<line number="87" hits="1"/>
						<line number="89" hits="1"/>
						<line number="106" hits="1"/>
						<line number="109" hits="1"/>
						<line number="112" hits="1"/>
						<line number="115" hits="1"/>
						<line number="118" hits="1"/>
						<line number="119" hits="1"/>
						<line number="125" hits="1"/>
						<line number="128" hits="1"/>
						<line number="130" hits="1"/>
						<line number="137" hits="1"/>
						<line number="146" hits="1"/>
						<line number="149" hits="1"/>
						<line number="151" hits="1" branch="true" condition-coverage="100% (2/2)"/>
						<line number="153" hits="1"/>
						<line number="154" hits="1"/>
						<line number="156" hits="1" branch="true" condition-coverage="100% (2/2)"/>
						<line number="158" hits="1" branch="true" condition-coverage="50% (1/2)" missing-branches="163"/>
						<line number="159" hits="1"/>
						<line number="160" hits="1"/>
						<line number="163" hits="1" branch="true" condition-coverage="50% (1/2)" missing-branches="164"/>
						<line number="164" hits="0"/>
						<line number="165" hits="0"/>
						<line number="168" hits="1" branch="true" condition-coverage="100% (2/2)"/>
						<line number="169" hits="1"/>
						<line number="171" hits="1"/>
						<line number="172" hits="1" branch="true" condition-coverage="50% (1/2)" missing-branches="173"/>
						<line number="173" hits="0"/>
						<line number="176" hits="1"/>
						<line number="177" hits="1"/>
						<line number="179" hits="1"/>
						<line number="186" hits="1"/>
						<line number="187" hits="1" branch="true" condition-coverage="100% (2/2)"/>
						<line number="188" hits="1"/>
						<line number="189" hits="1"/>
						<line number="190" hits="0"/>
						<line number="191" hits="0"/>
						<line number="192" hits="0"/>
						<line number="193" hits="1"/>
						<line number="195" hits="1"/>
						<line number="197" hits="1" branch="true" condition-coverage="100% (2/2)"/>
						<line number="198" hits="1"/>
						<line number="199" hits="1"/>
						<line number="203" hits="1"/>
						<line number="205" hits="1"/>
						<line number="207" hits="1"/>
						<line number="208" hits="1"/>
						<line number="209" hits="1"/>
						<line number="213" hits="1"/>
						<line number="215" hits="1"/>
						<line number="221" hits="1"/>
						<line number="223" hits="1"/>
						<line number="225" hits="1"/>
						<line number="228" hits="1"/>
						<line number="230" hits="1"/>
						<line number="232" hits="1"/>
					</lines>
				</class>
			</classes>
		</package>
		<package name="src.claw_cog.integration" line-rate="0.506" branch-rate="0.3" complexity="0">
			<classes>
				<class name="claw_mem_bridge.py" filename="src/claw_cog/integration/claw_mem_bridge.py" complexity="0" line-rate="0.506" branch-rate="0.3">
					<methods/>
					<lines>
						<line number="7" hits="1"/>
						<line number="8" hits="1"/>
						<line number="10" hits="1"/>
						<line number="13" hits="1"/>
						<line number="14" hits="1"/>
						<line number="15" hits="1"/>
						<line number="16" hits="0"/>
						<line number="17" hits="0"/>
						<line number="18" hits="0"/>
						<line number="21" hits="1"/>
						<line number="36" hits="1"/>
						<line number="43" hits="1"/>
						<line number="45" hits="1" branch="true" condition-coverage="50% (1/2)" missing-branches="50"/>
						<line number="46" hits="1"/>
						<line number="47" hits="1"/>
						<line number="50" hits="0"/>
						<line number="56" hits="0"/>
						<line number="58" hits="1"/>
						<line number="75" hits="1"/>
						<line number="76" hits="1" branch="true" condition-coverage="50% (1/2)" missing-branches="84"/>
						<line number="77" hits="1"/>
						<line number="84" hits="0" branch="true" condition-coverage="0% (0/2)" missing-branches="85,87"/>
						<line number="85" hits="0"/>
						<line number="87" hits="0"/>
						<line number="92" hits="1"/>
						<line number="93" hits="1"/>
						<line number="95" hits="0"/>
						<line number="96" hits="0"/>
						<line number="97" hits="0"/>
						<line number="99" hits="1"/>
						<line number="116" hits="1"/>
						<line number="117" hits="1" branch="true" condition-coverage="50% (1/2)" missing-branches="132"/>
						<line number="118" hits="1"/>
						<line number="122" hits="1"/>
						<line number="132" hits="0"/>
						<line number="133" hits="0"/>
						<line number="135" hits="0" branch="true" condition-coverage="0% (0/2)" missing-branches="136,148"/>
						<line number="136" hits="0" branch="true" condition-coverage="0% (0/2)" missing-branches="137,139"/>
						<line number="137" hits="0"/>
						<line number="139" hits="0" branch="true" condition-coverage="0% (0/2)" missing-branches="135,140"/>
						<line number="140" hits="0"/>
						<line number="141" hits="0" branch="true" condition-coverage="0% (0/2)" missing-branches="139,142"/>
						<line number="142" hits="0"/>
						<line number="148" hits="0"/>
						<line number="150" hits="0"/>
						<line number="151" hits="0"/>
						<line number="152" hits="0"/>
						<line number="154" hits="1"/>
						<line number="169" hits="0"/>
						<line number="170" hits="0" branch="true" condition-coverage="0% (0/2)" missing-branches="172,182"/>
						<line number="172" hits="0"/>
						<line number="176" hits="0"/>
						<line number="182" hits="0" branch="true" condition-coverage="0% (0/2)" missing-branches="183,186"/>
						<line number="183" hits="0"/>
						<line number="186" hits="0"/>
						<line number="187" hits="0" branch="true" condition-coverage="0% (0/2)" missing-branches="188,189"/>
						<line number="188" hits="0"/>
						<line number="189" hits="0"/>
						<line number="191" hits="0"/>
						<line number="196" hits="0"/>
						<line number="197" hits="0"/>
						<line number="198" hits="0"/>
						<line number="200" hits="1"/>
						<line number="215" hits="1" branch="true" condition-coverage="50% (1/2)" missing-branches="216"/>
						<line number="216" hits="0"/>
						<line number="218" hits="1"/>
						<line number="219" hits="1"/>
						<line number="220" hits="1"/>
						<line number="222" hits="1" branch="true" condition-coverage="100% (2/2)"/>
						<line number="223" hits="1"/>
						<line number="224" hits="1"/>
						<line number="226" hits="1"/>
						<line number="227" hits="1" branch="true" condition-coverage="100% (2/2)"/>
						<line number="228" hits="1"/>
						<line number="230" hits="1"/>
						<line number="231" hits="1"/>
						<line number="233" hits="1"/>
						<line number="235" hits="1"/>
						<line number="237" hits="0"/>
						<line number="239" hits="1"/>
						<line number="241" hits="1" branch="true" condition-coverage="50% (1/2)" missing-branches="245"/>
						<line number="243" hits="1"/>
						<line number="245" hits="0"/>
					</lines>
				</class>
			</classes>
		</package>
		<package name="src.claw_cog.layers" line-rate="0.9095" branch-rate="0.7424" complexity="0">
			<classes>
				<class name="c0_unconscious.py" filename="src/claw_cog/layers/c0_unconscious.py" complexity="0" line-rate="0.9659" branch-rate="0.8">
					<methods/>
					<lines>
						<line number="8" hits="1"/>
						<line number="9" hits="1"/>
						<line number="10" hits="1"/>
						<line number="11" hits="1"/>
						<line number="13" hits="1"/>
						<line number="16" hits="1"/>
						<line number="17" hits="1"/>
						<line number="23" hits="1"/>
						<line number="26" hits="1"/>
						<line number="30" hits="1"/>
						<line number="31" hits="1"/>
						<line number="32" hits="1"/>
						<line number="33" hits="1"/>
						<line number="34" hits="1"/>
						<line number="35" hits="1"/>
						<line number="36" hits="1"/>
						<line number="37" hits="1"/>
						<line number="39" hits="1"/>
						<line number="46" hits="1"/>
						<line number="47" hits="1"/>
						<line number="48" hits="1"/>
						<line number="51" hits="1"/>
						<line number="52" hits="1" branch="true" condition-coverage="100% (2/2)"/>
						<line number="53" hits="1"/>
						<line number="54" hits="1"/>
						<line number="55" hits="1"/>
						<line number="63" hits="1"/>
						<line number="64" hits="1" branch="true" condition-coverage="100% (2/2)"/>
						<line number="65" hits="1"/>
						<line number="66" hits="1"/>
						<line number="67" hits="1"/>
						<line number="75" hits="1"/>
						<line number="76" hits="1"/>
						<line number="77" hits="1"/>
						<line number="78" hits="1"/>
						<line number="85" hits="1"/>
						<line number="87" hits="1" branch="true" condition-coverage="100% (2/2)"/>
						<line number="88" hits="1"/>
						<line number="90" hits="1" branch="true" condition-coverage="100% (2/2)"/>
						<line number="91" hits="1"/>
						<line number="93" hits="1"/>
						<line number="94" hits="1"/>
						<line number="95" hits="1"/>
						<line number="97" hits="1" branch="true" condition-coverage="100% (2/2)"/>
						<line number="98" hits="1"/>
						<line number="99" hits="1"/>
						<line number="100" hits="1"/>
						<line number="102" hits="1" branch="true" condition-coverage="50% (1/2)" missing-branches="97"/>
						<line number="103" hits="1"/>
						<line number="104" hits="1"/>
						<line number="106" hits="1"/>
						<line number="108" hits="1"/>
						<line number="113" hits="1" branch="true" condition-coverage="100% (2/2)"/>
						<line number="114" hits="1"/>
						<line number="115" hits="1" branch="true" condition-coverage="100% (2/2)"/>
						<line number="116" hits="1"/>
						<line number="118" hits="1" branch="true" condition-coverage="50% (1/2)" missing-branches="131"/>
						<line number="119" hits="1"/>
						<line number="120" hits="1" branch="true" condition-coverage="50% (1/2)" missing-branches="131"/>
						<line number="121" hits="1" branch="true" condition-coverage="100% (2/2)"/>
						<line number="122" hits="1"/>
						<line number="123" hits="1"/>
						<line number="124" hits="1" branch="true" condition-coverage="50% (1/2)" missing-branches="120"/>
						<line number="125" hits="1"/>
						<line number="126" hits="0"/>
						<line number="127" hits="0"/>
						<line number="128" hits="1" branch="true" condition-coverage="50% (1/2)" missing-branches="120"/>
						<line number="129" hits="1"/>
						<line number="131" hits="0"/>
						<line number="133" hits="1"/>
						<line number="135" hits="1" branch="true" condition-coverage="100% (2/2)"/>
						<line number="137" hits="1"/>
						<line number="138" hits="1" branch="true" condition-coverage="50% (1/2)" missing-branches="140"/>
						<line number="139" hits="1"/>
						<line number="140" hits="1"/>
						<line number="142" hits="1"/>
						<line number="144" hits="1"/>
						<line number="146" hits="1"/>
						<line number="153" hits="1"/>
						<line number="155" hits="1"/>
						<line number="157" hits="1"/>
						<line number="159" hits="1"/>
						<line number="161" hits="1"/>
						<line number="171" hits="1"/>
						<line number="172" hits="1"/>
						<line number="174" hits="1"/>
						<line number="175" hits="1"/>
						<line number="176" hits="1"/>
					</lines>
				</class>
				<class name="c1_conscious.py" filename="src/claw_cog/layers/c1_conscious.py" complexity="0" line-rate="0.75" branch-rate="0.3571">
					<methods/>
					<lines>
						<line number="8" hits="1"/>
						<line number="9" hits="1"/>
						<line number="10" hits="1"/>
						<line number="12" hits="1"/>
						<line number="15" hits="1"/>
						<line number="16" hits="1"/>
						<line number="25" hits="1"/>
						<line number="33" hits="1"/>
						<line number="34" hits="1"/>
						<line number="35" hits="1"/>
						<line number="36" hits="1"/>
						<line number="37" hits="1"/>
						<line number="38" hits="1"/>
						<line number="39" hits="1"/>
						<line number="41" hits="1"/>
						<line number="54" hits="1"/>
						<line number="57" hits="1"/>
						<line number="60" hits="1"/>
						<line number="63" hits="1"/>
						<line number="66" hits="1"/>
						<line number="68" hits="1"/>
						<line number="79" hits="1"/>
						<line number="81" hits="1" branch="true" condition-coverage="50% (1/2)" missing-branches="83"/>
						<line number="82" hits="1"/>
						<line number="83" hits="0"/>
						<line number="84" hits="0" branch="true" condition-coverage="0% (0/2)" missing-branches="85,94"/>
						<line number="85" hits="0"/>
						<line number="86" hits="0" branch="true" condition-coverage="0% (0/2)" missing-branches="87,88"/>
						<line number="87" hits="0"/>
						<line number="88" hits="0"/>
						<line number="89" hits="0" branch="true" condition-coverage="0% (0/2)" missing-branches="90,94"/>
						<line number="90" hits="0"/>
						<line number="91" hits="0"/>
						<line number="92" hits="0"/>
						<line number="93" hits="0"/>
						<line number="94" hits="0"/>
						<line number="96" hits="1"/>
						<line number="98" hits="1"/>
						<line number="104" hits="1"/>
						<line number="106" hits="1"/>
						<line number="107" hits="1"/>
						<line number="109" hits="1" branch="true" condition-coverage="50% (1/2)" missing-branches="110"/>
						<line number="110" hits="0"/>
						<line number="111" hits="1"/>
						<line number="113" hits="1"/>
						<line number="117" hits="1"/>
						<line number="118" hits="1" branch="true" condition-coverage="100% (2/2)"/>
						<line number="119" hits="1"/>
						<line number="120" hits="1" branch="true" condition-coverage="50% (1/2)" missing-branches="121"/>
						<line number="121" hits="0"/>
						<line number="122" hits="1"/>
						<line number="124" hits="1"/>
						<line number="125" hits="1"/>
						<line number="127" hits="1"/>
						<line number="128" hits="1"/>
						<line number="129" hits="1"/>
					</lines>
				</class>
				<class name="c2_metacognitive.py" filename="src/claw_cog/layers/c2_metacognitive.py" complexity="0" line-rate="0.9697" branch-rate="0.9091">
					<methods/>
					<lines>
						<line number="8" hits="1"/>
						<line number="9" hits="1"/>
						<line number="10" hits="1"/>
						<line number="12" hits="1"/>
						<line number="15" hits="1"/>
						<line number="16" hits="1"/>
						<line number="22" hits="1"/>
						<line number="23" hits="1"/>
						<line number="26" hits="1"/>
						<line number="27" hits="1"/>
						<line number="37" hits="1"/>
						<line number="47" hits="1"/>
						<line number="48" hits="1"/>
						<line number="49" hits="1"/>
						<line number="50" hits="1"/>
						<line number="55" hits="1"/>
						<line number="56" hits="1"/>
						<line number="59" hits="1"/>
						<line number="61" hits="1"/>
						<line number="63" hits="1"/>
						<line number="64" hits="1"/>
						<line number="66" hits="1" branch="true" condition-coverage="100% (2/2)"/>
						<line number="67" hits="1"/>
						<line number="68" hits="1"/>
						<line number="69" hits="1" branch="true" condition-coverage="100% (2/2)"/>
						<line number="70" hits="1"/>
						<line number="71" hits="1"/>
						<line number="72" hits="1" branch="true" condition-coverage="100% (2/2)"/>
						<line number="73" hits="1"/>
						<line number="74" hits="1"/>
						<line number="76" hits="1"/>
						<line number="77" hits="1"/>
						<line number="79" hits="1"/>
						<line number="80" hits="1"/>
						<line number="93" hits="1"/>
						<line number="111" hits="1" branch="true" condition-coverage="50% (1/2)" missing-branches="112"/>
						<line number="112" hits="0"/>
						<line number="115" hits="1"/>
						<line number="118" hits="1" branch="true" condition-coverage="100% (2/2)"/>
						<line number="119" hits="1"/>
						<line number="120" hits="1"/>
						<line number="121" hits="1" branch="true" condition-coverage="100% (2/2)"/>
						<line number="122" hits="1"/>
						<line number="123" hits="1" branch="true" condition-coverage="50% (1/2)" missing-branches="126"/>
						<line number="124" hits="1"/>
						<line number="126" hits="0"/>
						<line number="129" hits="1"/>
						<line number="130" hits="1"/>
						<line number="133" hits="1" branch="true" condition-coverage="100% (2/2)"/>
						<line number="134" hits="1"/>
						<line number="135" hits="1" branch="true" condition-coverage="100% (2/2)"/>
						<line number="136" hits="1"/>
						<line number="138" hits="1"/>
						<line number="141" hits="1" branch="true" condition-coverage="100% (2/2)"/>
						<line number="142" hits="1"/>
						<line number="143" hits="1" branch="true" condition-coverage="100% (2/2)"/>
						<line number="144" hits="1"/>
						<line number="146" hits="1"/>
						<line number="148" hits="1"/>
						<line number="156" hits="1"/>
						<line number="158" hits="1"/>
						<line number="166" hits="1"/>
						<line number="167" hits="1"/>
						<line number="169" hits="1"/>
						<line number="170" hits="1"/>
						<line number="171" hits="1"/>
					</lines>
				</class>
			</classes>
		</package>
	</packages>
</coverage>
